<?xml version="1.0" encoding="UTF-8"?>
<TestRun id="f05894bb-c8f5-4154-9de1-4da5396b142b" name="shaleen@SHALEEN-PC 2012-02-12 20:46:12" runUser="SHALEEN-PC\shaleen" xmlns="http://microsoft.com/schemas/VisualStudio/TeamTest/2010">
  <TestSettings name="Local" id="54f962c3-871a-4f7e-afe2-052264c349cb">
    <Description>These are default test settings for a local test run.</Description>
    <Deployment runDeploymentRoot="shaleen_SHALEEN-PC 2012-02-12 20_46_12">
      <DeploymentItem filename="C:\Users\shaleen\documents\visual studio 2010\Projects\WP7.Appointments.Management\WP7.Appointments.DataAccess\bin\Debug\WP7.Appointments.DataAccess.dll" />
      <DeploymentItem filename="C:\Users\shaleen\documents\visual studio 2010\Projects\WP7.Appointments.Management\Should.dll" />
      <DeploymentItem filename="C:\inetpub\wwwroot\EntityFramework.dll" />
      <DeploymentItem filename="C:\Users\shaleen\documents\visual studio 2010\Projects\WP7.Appointments.Management\WP7.Appointments.Repository\bin\Debug\WP7.Appointments.Repository.dll" />
    </Deployment>
    <Execution>
      <TestTypeSpecific>
        <UnitTestRunConfig testTypeId="13cdc9d9-ddb5-4fa4-a97d-d965ccfc6d4b">
          <AssemblyResolution>
            <TestDirectory useLoadContext="true" />
          </AssemblyResolution>
        </UnitTestRunConfig>
        <WebTestRunConfiguration testTypeId="4e7599fa-5ecb-43e9-a887-cd63cf72d207">
          <Browser name="Internet Explorer 7.0">
            <Headers>
              <Header name="User-Agent" value="Mozilla/4.0 (compatible; MSIE 7.0; Windows NT 5.1)" />
              <Header name="Accept" value="*/*" />
              <Header name="Accept-Language" value="{{$IEAcceptLanguage}}" />
              <Header name="Accept-Encoding" value="GZIP" />
            </Headers>
          </Browser>
        </WebTestRunConfiguration>
      </TestTypeSpecific>
      <AgentRule name="LocalMachineDefaultRole">
        <DataCollectors>
          <DataCollector uri="datacollector://microsoft/CodeCoverage/1.0" assemblyQualifiedName="Microsoft.VisualStudio.TestTools.CodeCoverage.CoveragePlugIn, Microsoft.VisualStudio.QualityTools.Plugins.CodeCoverage, Version=10.0.0.0, Culture=neutral, PublicKeyToken=b03f5f7f11d50a3a" friendlyName="Code Coverage" enabled="false">
            <Configuration>
              <CodeCoverage xmlns="">
                <Regular>
                  <CodeCoverageItem binaryFile="WP7.Appointments.Repository\bin\Debug\WP7.Appointments.Repository.dll" pdbFile="WP7.Appointments.Repository\bin\Debug\WP7.Appointments.Repository.pdb" instrumentInPlace="true" />
                  <CodeCoverageItem binaryFile="WP7.Appointments.DataAccess\bin\Debug\WP7.Appointments.DataAccess.dll" pdbFile="WP7.Appointments.DataAccess\bin\Debug\WP7.Appointments.DataAccess.pdb" instrumentInPlace="true" />
                </Regular>
              </CodeCoverage>
            </Configuration>
          </DataCollector>
        </DataCollectors>
      </AgentRule>
    </Execution>
  </TestSettings>
  <Times creation="2012-02-12T20:46:12.7778034+00:00" queuing="2012-02-12T20:46:17.2050566+00:00" start="2012-02-12T20:46:17.5500764+00:00" finish="2012-02-12T20:46:48.9498723+00:00" />
  <ResultSummary outcome="Error">
    <Counters total="1" executed="1" error="0" failed="0" timeout="0" aborted="1" inconclusive="0" passedButRunAborted="0" notRunnable="0" notExecuted="0" disconnected="0" warning="0" passed="0" completed="0" inProgress="0" pending="0" />
    <RunInfos>
      <RunInfo computerName="SHALEEN-PC" outcome="Error" timestamp="2012-02-12T20:46:48.9098700+00:00">
        <Text>Test host process exited unexpectedly.</Text>
      </RunInfo>
    </RunInfos>
  </ResultSummary>
  <TestDefinitions>
    <UnitTest name="Get_All_Available_Slots_Nurse_On_Half_Day" storage="c:\users\shaleen\documents\visual studio 2010\projects\wp7.appointments.management\wp7.appointments.repository.tests\bin\debug\wp7.appointments.repository.tests.dll" id="120588b3-aac5-0f7f-1793-fa46d8eec692">
      <Execution id="10f0e46c-dab0-48e0-b0aa-309dfcc0649d" />
      <TestMethod codeBase="C:/Users/shaleen/documents/visual studio 2010/Projects/WP7.Appointments.Management/WP7.Appointments.Repository.Tests/bin/Debug/WP7.Appointments.Repository.Tests.DLL" adapterTypeName="Microsoft.VisualStudio.TestTools.TestTypes.Unit.UnitTestAdapter, Microsoft.VisualStudio.QualityTools.Tips.UnitTest.Adapter, Version=10.0.0.0, Culture=neutral, PublicKeyToken=b03f5f7f11d50a3a" className="WP7.Appointments.Repository.Tests.AppointmentRepositoryTest, WP7.Appointments.Repository.Tests, Version=1.0.0.0, Culture=neutral, PublicKeyToken=null" name="Get_All_Available_Slots_Nurse_On_Half_Day" />
    </UnitTest>
  </TestDefinitions>
  <TestLists>
    <TestList name="Results Not in a List" id="8c84fa94-04c1-424b-9868-57a2d4851a1d" />
    <TestList name="All Loaded Results" id="19431567-8539-422a-85d7-44ee4e166bda" />
  </TestLists>
  <TestEntries>
    <TestEntry testId="120588b3-aac5-0f7f-1793-fa46d8eec692" executionId="10f0e46c-dab0-48e0-b0aa-309dfcc0649d" testListId="8c84fa94-04c1-424b-9868-57a2d4851a1d" />
  </TestEntries>
  <Results>
    <UnitTestResult executionId="10f0e46c-dab0-48e0-b0aa-309dfcc0649d" testId="120588b3-aac5-0f7f-1793-fa46d8eec692" testName="Get_All_Available_Slots_Nurse_On_Half_Day" computerName="SHALEEN-PC" duration="00:00:31.1027789" startTime="2012-02-12T20:46:17.8470934+00:00" endTime="2012-02-12T20:46:48.9498723+00:00" testType="13cdc9d9-ddb5-4fa4-a97d-d965ccfc6d4b" outcome="Aborted" testListId="8c84fa94-04c1-424b-9868-57a2d4851a1d" relativeResultsDirectory="10f0e46c-dab0-48e0-b0aa-309dfcc0649d">
    </UnitTestResult>
  </Results>
</TestRun>