<?xml version="1.0" encoding="UTF-8"?>
<TestRun id="0075df5a-56fc-4db2-8c86-9d556839dde8" name="shaleen@SHALEEN-PC 2012-02-12 20:38:19" runUser="SHALEEN-PC\shaleen" xmlns="http://microsoft.com/schemas/VisualStudio/TeamTest/2010">
  <TestSettings name="Local" id="54f962c3-871a-4f7e-afe2-052264c349cb">
    <Description>These are default test settings for a local test run.</Description>
    <Deployment userDeploymentRoot="C:\Users\shaleen\documents\visual studio 2010\Projects\WP7.Appointments.Management\TestResults" useDefaultDeploymentRoot="false" runDeploymentRoot="shaleen_SHALEEN-PC 2012-02-12 20_38_19">
      <DeploymentItem filename="C:\Users\shaleen\documents\visual studio 2010\Projects\WP7.Appointments.Management\WP7.Appointments.DataAccess\bin\Debug\WP7.Appointments.DataAccess.dll" />
      <DeploymentItem filename="C:\Users\shaleen\documents\visual studio 2010\Projects\WP7.Appointments.Management\Should.dll" />
      <DeploymentItem filename="C:\inetpub\wwwroot\EntityFramework.dll" />
      <DeploymentItem filename="C:\Users\shaleen\documents\visual studio 2010\Projects\WP7.Appointments.Management\WP7.Appointments.Repository\bin\Debug\WP7.Appointments.Repository.dll" />
    </Deployment>
    <Execution>
      <TestTypeSpecific>
        <UnitTestRunConfig testTypeId="13cdc9d9-ddb5-4fa4-a97d-d965ccfc6d4b">
          <AssemblyResolution>
            <TestDirectory useLoadContext="true" />
          </AssemblyResolution>
        </UnitTestRunConfig>
        <WebTestRunConfiguration testTypeId="4e7599fa-5ecb-43e9-a887-cd63cf72d207">
          <Browser name="Internet Explorer 7.0">
            <Headers>
              <Header name="User-Agent" value="Mozilla/4.0 (compatible; MSIE 7.0; Windows NT 5.1)" />
              <Header name="Accept" value="*/*" />
              <Header name="Accept-Language" value="{{$IEAcceptLanguage}}" />
              <Header name="Accept-Encoding" value="GZIP" />
            </Headers>
          </Browser>
        </WebTestRunConfiguration>
      </TestTypeSpecific>
      <AgentRule name="LocalMachineDefaultRole">
        <DataCollectors>
          <DataCollector uri="datacollector://microsoft/CodeCoverage/1.0" assemblyQualifiedName="Microsoft.VisualStudio.TestTools.CodeCoverage.CoveragePlugIn, Microsoft.VisualStudio.QualityTools.Plugins.CodeCoverage, Version=10.0.0.0, Culture=neutral, PublicKeyToken=b03f5f7f11d50a3a" friendlyName="Code Coverage" enabled="false">
            <Configuration>
              <CodeCoverage xmlns="">
                <Regular>
                  <CodeCoverageItem binaryFile="C:\Users\shaleen\documents\visual studio 2010\Projects\WP7.Appointments.Management\WP7.Appointments.Repository\bin\Debug\WP7.Appointments.Repository.dll" pdbFile="C:\Users\shaleen\documents\visual studio 2010\Projects\WP7.Appointments.Management\WP7.Appointments.Repository\bin\Debug\WP7.Appointments.Repository.instr.pdb" instrumentInPlace="true" />
                  <CodeCoverageItem binaryFile="C:\Users\shaleen\documents\visual studio 2010\Projects\WP7.Appointments.Management\WP7.Appointments.DataAccess\bin\Debug\WP7.Appointments.DataAccess.dll" pdbFile="C:\Users\shaleen\documents\visual studio 2010\Projects\WP7.Appointments.Management\WP7.Appointments.DataAccess\bin\Debug\WP7.Appointments.DataAccess.instr.pdb" instrumentInPlace="true" />
                </Regular>
              </CodeCoverage>
            </Configuration>
          </DataCollector>
        </DataCollectors>
      </AgentRule>
    </Execution>
  </TestSettings>
  <Times creation="2012-02-12T20:38:19.2047166+00:00" queuing="2012-02-12T20:38:21.4048424+00:00" start="2012-02-12T20:38:21.6848584+00:00" finish="2012-02-12T20:38:43.8161243+00:00" />
  <ResultSummary outcome="Error">
    <Counters total="5" executed="1" error="0" failed="0" timeout="0" aborted="1" inconclusive="0" passedButRunAborted="0" notRunnable="0" notExecuted="4" disconnected="0" warning="0" passed="0" completed="0" inProgress="0" pending="0" />
    <RunInfos>
      <RunInfo computerName="SHALEEN-PC" outcome="Error" timestamp="2012-02-12T20:38:43.8141242+00:00">
        <Text>Test host process exited unexpectedly.</Text>
      </RunInfo>
    </RunInfos>
  </ResultSummary>
  <TestDefinitions>
    <UnitTest name="Book_Appointment" storage="c:\users\shaleen\documents\visual studio 2010\projects\wp7.appointments.management\wp7.appointments.repository.tests\bin\debug\wp7.appointments.repository.tests.dll" id="d59d3e9d-5da3-2091-1e71-1383ced0036f">
      <Execution id="ba5f782d-3ecf-4682-9d35-ccc2d0f74b43" />
      <TestMethod codeBase="C:/Users/shaleen/documents/visual studio 2010/Projects/WP7.Appointments.Management/WP7.Appointments.Repository.Tests/bin/Debug/WP7.Appointments.Repository.Tests.DLL" adapterTypeName="Microsoft.VisualStudio.TestTools.TestTypes.Unit.UnitTestAdapter, Microsoft.VisualStudio.QualityTools.Tips.UnitTest.Adapter, Version=10.0.0.0, Culture=neutral, PublicKeyToken=b03f5f7f11d50a3a" className="WP7.Appointments.Repository.Tests.AppointmentRepositoryTest, WP7.Appointments.Repository.Tests, Version=1.0.0.0, Culture=neutral, PublicKeyToken=null" name="Book_Appointment" />
    </UnitTest>
    <UnitTest name="Get_All_Available_Slots_Some_Slot_NotAvailable" storage="c:\users\shaleen\documents\visual studio 2010\projects\wp7.appointments.management\wp7.appointments.repository.tests\bin\debug\wp7.appointments.repository.tests.dll" id="ee8378c3-f588-d10e-6062-72fd009742a5">
      <Execution id="972b7b7b-f420-486c-9fa3-142463c9ac75" />
      <TestMethod codeBase="C:/Users/shaleen/documents/visual studio 2010/Projects/WP7.Appointments.Management/WP7.Appointments.Repository.Tests/bin/Debug/WP7.Appointments.Repository.Tests.DLL" adapterTypeName="Microsoft.VisualStudio.TestTools.TestTypes.Unit.UnitTestAdapter, Microsoft.VisualStudio.QualityTools.Tips.UnitTest.Adapter, Version=10.0.0.0, Culture=neutral, PublicKeyToken=b03f5f7f11d50a3a" className="WP7.Appointments.Repository.Tests.AppointmentRepositoryTest, WP7.Appointments.Repository.Tests, Version=1.0.0.0, Culture=neutral, PublicKeyToken=null" name="Get_All_Available_Slots_Some_Slot_NotAvailable" />
    </UnitTest>
    <UnitTest name="Get_All_Available_Slots_Nurse_On_Half_Day" storage="c:\users\shaleen\documents\visual studio 2010\projects\wp7.appointments.management\wp7.appointments.repository.tests\bin\debug\wp7.appointments.repository.tests.dll" id="120588b3-aac5-0f7f-1793-fa46d8eec692">
      <Execution id="80369c48-b37c-43c7-9a33-b4350ad89da9" />
      <TestMethod codeBase="C:/Users/shaleen/documents/visual studio 2010/Projects/WP7.Appointments.Management/WP7.Appointments.Repository.Tests/bin/Debug/WP7.Appointments.Repository.Tests.DLL" adapterTypeName="Microsoft.VisualStudio.TestTools.TestTypes.Unit.UnitTestAdapter, Microsoft.VisualStudio.QualityTools.Tips.UnitTest.Adapter, Version=10.0.0.0, Culture=neutral, PublicKeyToken=b03f5f7f11d50a3a" className="WP7.Appointments.Repository.Tests.AppointmentRepositoryTest, WP7.Appointments.Repository.Tests, Version=1.0.0.0, Culture=neutral, PublicKeyToken=null" name="Get_All_Available_Slots_Nurse_On_Half_Day" />
    </UnitTest>
    <UnitTest name="Get_All_Available_Slots" storage="c:\users\shaleen\documents\visual studio 2010\projects\wp7.appointments.management\wp7.appointments.repository.tests\bin\debug\wp7.appointments.repository.tests.dll" id="18aeb4e1-c71d-2b1f-6c3e-11fc53070d65">
      <Execution id="d9bdb502-38da-4015-8ea4-311c3be1b0bf" />
      <TestMethod codeBase="C:/Users/shaleen/documents/visual studio 2010/Projects/WP7.Appointments.Management/WP7.Appointments.Repository.Tests/bin/Debug/WP7.Appointments.Repository.Tests.DLL" adapterTypeName="Microsoft.VisualStudio.TestTools.TestTypes.Unit.UnitTestAdapter, Microsoft.VisualStudio.QualityTools.Tips.UnitTest.Adapter, Version=10.0.0.0, Culture=neutral, PublicKeyToken=b03f5f7f11d50a3a" className="WP7.Appointments.Repository.Tests.AppointmentRepositoryTest, WP7.Appointments.Repository.Tests, Version=1.0.0.0, Culture=neutral, PublicKeyToken=null" name="Get_All_Available_Slots" />
    </UnitTest>
    <UnitTest name="Book_Appointment_By_CustomerId" storage="c:\users\shaleen\documents\visual studio 2010\projects\wp7.appointments.management\wp7.appointments.repository.tests\bin\debug\wp7.appointments.repository.tests.dll" id="cab86edf-4e30-f751-3edc-9ef35c8948a0">
      <Execution id="53517bfc-d8d0-482d-8772-657f0fc08ea6" />
      <TestMethod codeBase="C:/Users/shaleen/documents/visual studio 2010/Projects/WP7.Appointments.Management/WP7.Appointments.Repository.Tests/bin/Debug/WP7.Appointments.Repository.Tests.DLL" adapterTypeName="Microsoft.VisualStudio.TestTools.TestTypes.Unit.UnitTestAdapter, Microsoft.VisualStudio.QualityTools.Tips.UnitTest.Adapter, Version=10.0.0.0, Culture=neutral, PublicKeyToken=b03f5f7f11d50a3a" className="WP7.Appointments.Repository.Tests.AppointmentRepositoryTest, WP7.Appointments.Repository.Tests, Version=1.0.0.0, Culture=neutral, PublicKeyToken=null" name="Book_Appointment_By_CustomerId" />
    </UnitTest>
  </TestDefinitions>
  <TestLists>
    <TestList name="Results Not in a List" id="8c84fa94-04c1-424b-9868-57a2d4851a1d" />
    <TestList name="All Loaded Results" id="19431567-8539-422a-85d7-44ee4e166bda" />
  </TestLists>
  <TestEntries>
    <TestEntry testId="18aeb4e1-c71d-2b1f-6c3e-11fc53070d65" executionId="d9bdb502-38da-4015-8ea4-311c3be1b0bf" testListId="8c84fa94-04c1-424b-9868-57a2d4851a1d" />
    <TestEntry testId="ee8378c3-f588-d10e-6062-72fd009742a5" executionId="972b7b7b-f420-486c-9fa3-142463c9ac75" testListId="8c84fa94-04c1-424b-9868-57a2d4851a1d" />
    <TestEntry testId="d59d3e9d-5da3-2091-1e71-1383ced0036f" executionId="ba5f782d-3ecf-4682-9d35-ccc2d0f74b43" testListId="8c84fa94-04c1-424b-9868-57a2d4851a1d" />
    <TestEntry testId="120588b3-aac5-0f7f-1793-fa46d8eec692" executionId="80369c48-b37c-43c7-9a33-b4350ad89da9" testListId="8c84fa94-04c1-424b-9868-57a2d4851a1d" />
    <TestEntry testId="cab86edf-4e30-f751-3edc-9ef35c8948a0" executionId="53517bfc-d8d0-482d-8772-657f0fc08ea6" testListId="8c84fa94-04c1-424b-9868-57a2d4851a1d" />
  </TestEntries>
  <Results>
    <UnitTestResult executionId="d9bdb502-38da-4015-8ea4-311c3be1b0bf" testId="18aeb4e1-c71d-2b1f-6c3e-11fc53070d65" testName="Get_All_Available_Slots" computerName="SHALEEN-PC" duration="00:00:21.8962524" startTime="2012-02-12T20:38:21.9188718+00:00" endTime="2012-02-12T20:38:43.8151242+00:00" testType="13cdc9d9-ddb5-4fa4-a97d-d965ccfc6d4b" outcome="Aborted" testListId="8c84fa94-04c1-424b-9868-57a2d4851a1d" relativeResultsDirectory="d9bdb502-38da-4015-8ea4-311c3be1b0bf">
    </UnitTestResult>
    <UnitTestResult executionId="972b7b7b-f420-486c-9fa3-142463c9ac75" testId="ee8378c3-f588-d10e-6062-72fd009742a5" testName="Get_All_Available_Slots_Some_Slot_NotAvailable" computerName="SHALEEN-PC" testType="13cdc9d9-ddb5-4fa4-a97d-d965ccfc6d4b" outcome="NotExecuted" testListId="8c84fa94-04c1-424b-9868-57a2d4851a1d" relativeResultsDirectory="972b7b7b-f420-486c-9fa3-142463c9ac75">
    </UnitTestResult>
    <UnitTestResult executionId="ba5f782d-3ecf-4682-9d35-ccc2d0f74b43" testId="d59d3e9d-5da3-2091-1e71-1383ced0036f" testName="Book_Appointment" computerName="SHALEEN-PC" testType="13cdc9d9-ddb5-4fa4-a97d-d965ccfc6d4b" outcome="NotExecuted" testListId="8c84fa94-04c1-424b-9868-57a2d4851a1d" relativeResultsDirectory="ba5f782d-3ecf-4682-9d35-ccc2d0f74b43">
    </UnitTestResult>
    <UnitTestResult executionId="80369c48-b37c-43c7-9a33-b4350ad89da9" testId="120588b3-aac5-0f7f-1793-fa46d8eec692" testName="Get_All_Available_Slots_Nurse_On_Half_Day" computerName="SHALEEN-PC" testType="13cdc9d9-ddb5-4fa4-a97d-d965ccfc6d4b" outcome="NotExecuted" testListId="8c84fa94-04c1-424b-9868-57a2d4851a1d" relativeResultsDirectory="80369c48-b37c-43c7-9a33-b4350ad89da9">
    </UnitTestResult>
    <UnitTestResult executionId="53517bfc-d8d0-482d-8772-657f0fc08ea6" testId="cab86edf-4e30-f751-3edc-9ef35c8948a0" testName="Book_Appointment_By_CustomerId" computerName="SHALEEN-PC" testType="13cdc9d9-ddb5-4fa4-a97d-d965ccfc6d4b" outcome="NotExecuted" testListId="8c84fa94-04c1-424b-9868-57a2d4851a1d" relativeResultsDirectory="53517bfc-d8d0-482d-8772-657f0fc08ea6">
    </UnitTestResult>
  </Results>
</TestRun>