<?xml version="1.0" encoding="UTF-8"?>
<TestRun id="171aadb2-e880-4928-a2c3-5808d11a0a7b" name="shaleen@SHALEEN-PC 2012-02-12 20:31:42" runUser="SHALEEN-PC\shaleen" xmlns="http://microsoft.com/schemas/VisualStudio/TeamTest/2010">
  <TestSettings name="Local" id="54f962c3-871a-4f7e-afe2-052264c349cb">
    <Description>These are default test settings for a local test run.</Description>
    <Deployment userDeploymentRoot="C:\Users\shaleen\documents\visual studio 2010\Projects\WP7.Appointments.Management\TestResults" useDefaultDeploymentRoot="false" runDeploymentRoot="shaleen_SHALEEN-PC 2012-02-12 20_31_42">
      <DeploymentItem filename="C:\Users\shaleen\documents\visual studio 2010\Projects\WP7.Appointments.Management\WP7.Appointments.DataAccess\bin\Debug\WP7.Appointments.DataAccess.dll" />
      <DeploymentItem filename="C:\Users\shaleen\documents\visual studio 2010\Projects\WP7.Appointments.Management\Should.dll" />
      <DeploymentItem filename="C:\inetpub\wwwroot\EntityFramework.dll" />
      <DeploymentItem filename="C:\Users\shaleen\documents\visual studio 2010\Projects\WP7.Appointments.Management\WP7.Appointments.Repository\bin\Debug\WP7.Appointments.Repository.dll" />
    </Deployment>
    <Execution>
      <TestTypeSpecific>
        <UnitTestRunConfig testTypeId="13cdc9d9-ddb5-4fa4-a97d-d965ccfc6d4b">
          <AssemblyResolution>
            <TestDirectory useLoadContext="true" />
          </AssemblyResolution>
        </UnitTestRunConfig>
        <WebTestRunConfiguration testTypeId="4e7599fa-5ecb-43e9-a887-cd63cf72d207">
          <Browser name="Internet Explorer 7.0">
            <Headers>
              <Header name="User-Agent" value="Mozilla/4.0 (compatible; MSIE 7.0; Windows NT 5.1)" />
              <Header name="Accept" value="*/*" />
              <Header name="Accept-Language" value="{{$IEAcceptLanguage}}" />
              <Header name="Accept-Encoding" value="GZIP" />
            </Headers>
          </Browser>
        </WebTestRunConfiguration>
      </TestTypeSpecific>
      <AgentRule name="LocalMachineDefaultRole">
        <DataCollectors>
          <DataCollector uri="datacollector://microsoft/CodeCoverage/1.0" assemblyQualifiedName="Microsoft.VisualStudio.TestTools.CodeCoverage.CoveragePlugIn, Microsoft.VisualStudio.QualityTools.Plugins.CodeCoverage, Version=10.0.0.0, Culture=neutral, PublicKeyToken=b03f5f7f11d50a3a" friendlyName="Code Coverage" enabled="false">
            <Configuration>
              <CodeCoverage xmlns="">
                <Regular>
                  <CodeCoverageItem binaryFile="WP7.Appointments.Repository\bin\Debug\WP7.Appointments.Repository.dll" pdbFile="WP7.Appointments.Repository\bin\Debug\WP7.Appointments.Repository.pdb" instrumentInPlace="true" />
                  <CodeCoverageItem binaryFile="WP7.Appointments.DataAccess\bin\Debug\WP7.Appointments.DataAccess.dll" pdbFile="WP7.Appointments.DataAccess\bin\Debug\WP7.Appointments.DataAccess.pdb" instrumentInPlace="true" />
                </Regular>
              </CodeCoverage>
            </Configuration>
          </DataCollector>
        </DataCollectors>
      </AgentRule>
    </Execution>
  </TestSettings>
  <Times creation="2012-02-12T20:31:42.5590297+00:00" queuing="2012-02-12T20:31:42.9790538+00:00" start="2012-02-12T20:31:43.0880600+00:00" finish="2012-02-12T20:31:47.7783283+00:00" />
  <ResultSummary outcome="Failed">
    <Counters total="4" executed="4" passed="1" error="0" failed="3" timeout="0" aborted="0" inconclusive="0" passedButRunAborted="0" notRunnable="0" notExecuted="0" disconnected="0" warning="0" completed="0" inProgress="0" pending="0" />
  </ResultSummary>
  <TestDefinitions>
    <UnitTest name="Get_All_Available_Slots_Nurse_On_Half_Day" storage="c:\users\shaleen\documents\visual studio 2010\projects\wp7.appointments.management\wp7.appointments.repository.tests\bin\debug\wp7.appointments.repository.tests.dll" id="120588b3-aac5-0f7f-1793-fa46d8eec692">
      <Execution id="b775d176-1244-40e8-9a6d-c996b5f2f7b2" />
      <TestMethod codeBase="C:/Users/shaleen/documents/visual studio 2010/Projects/WP7.Appointments.Management/WP7.Appointments.Repository.Tests/bin/Debug/WP7.Appointments.Repository.Tests.DLL" adapterTypeName="Microsoft.VisualStudio.TestTools.TestTypes.Unit.UnitTestAdapter, Microsoft.VisualStudio.QualityTools.Tips.UnitTest.Adapter, Version=10.0.0.0, Culture=neutral, PublicKeyToken=b03f5f7f11d50a3a" className="WP7.Appointments.Repository.Tests.AppointmentRepositoryTest, WP7.Appointments.Repository.Tests, Version=1.0.0.0, Culture=neutral, PublicKeyToken=null" name="Get_All_Available_Slots_Nurse_On_Half_Day" />
    </UnitTest>
    <UnitTest name="Get_All_Available_Slots_Some_Slot_NotAvailable" storage="c:\users\shaleen\documents\visual studio 2010\projects\wp7.appointments.management\wp7.appointments.repository.tests\bin\debug\wp7.appointments.repository.tests.dll" id="ee8378c3-f588-d10e-6062-72fd009742a5">
      <Execution id="cf885487-2a27-4d83-abde-fe5753c8486a" />
      <TestMethod codeBase="C:/Users/shaleen/documents/visual studio 2010/Projects/WP7.Appointments.Management/WP7.Appointments.Repository.Tests/bin/Debug/WP7.Appointments.Repository.Tests.DLL" adapterTypeName="Microsoft.VisualStudio.TestTools.TestTypes.Unit.UnitTestAdapter, Microsoft.VisualStudio.QualityTools.Tips.UnitTest.Adapter, Version=10.0.0.0, Culture=neutral, PublicKeyToken=b03f5f7f11d50a3a" className="WP7.Appointments.Repository.Tests.AppointmentRepositoryTest, WP7.Appointments.Repository.Tests, Version=1.0.0.0, Culture=neutral, PublicKeyToken=null" name="Get_All_Available_Slots_Some_Slot_NotAvailable" />
    </UnitTest>
    <UnitTest name="Book_Appointment" storage="c:\users\shaleen\documents\visual studio 2010\projects\wp7.appointments.management\wp7.appointments.repository.tests\bin\debug\wp7.appointments.repository.tests.dll" id="d59d3e9d-5da3-2091-1e71-1383ced0036f">
      <Execution id="91c6468e-2946-447c-8662-60a70a79be90" />
      <TestMethod codeBase="C:/Users/shaleen/documents/visual studio 2010/Projects/WP7.Appointments.Management/WP7.Appointments.Repository.Tests/bin/Debug/WP7.Appointments.Repository.Tests.DLL" adapterTypeName="Microsoft.VisualStudio.TestTools.TestTypes.Unit.UnitTestAdapter, Microsoft.VisualStudio.QualityTools.Tips.UnitTest.Adapter, Version=10.0.0.0, Culture=neutral, PublicKeyToken=b03f5f7f11d50a3a" className="WP7.Appointments.Repository.Tests.AppointmentRepositoryTest, WP7.Appointments.Repository.Tests, Version=1.0.0.0, Culture=neutral, PublicKeyToken=null" name="Book_Appointment" />
    </UnitTest>
    <UnitTest name="Book_Appointment_By_CustomerId" storage="c:\users\shaleen\documents\visual studio 2010\projects\wp7.appointments.management\wp7.appointments.repository.tests\bin\debug\wp7.appointments.repository.tests.dll" id="cab86edf-4e30-f751-3edc-9ef35c8948a0">
      <Execution id="814f8376-0675-4665-9c6e-6fb426fdbf73" />
      <TestMethod codeBase="C:/Users/shaleen/documents/visual studio 2010/Projects/WP7.Appointments.Management/WP7.Appointments.Repository.Tests/bin/Debug/WP7.Appointments.Repository.Tests.DLL" adapterTypeName="Microsoft.VisualStudio.TestTools.TestTypes.Unit.UnitTestAdapter, Microsoft.VisualStudio.QualityTools.Tips.UnitTest.Adapter, Version=10.0.0.0, Culture=neutral, PublicKeyToken=b03f5f7f11d50a3a" className="WP7.Appointments.Repository.Tests.AppointmentRepositoryTest, WP7.Appointments.Repository.Tests, Version=1.0.0.0, Culture=neutral, PublicKeyToken=null" name="Book_Appointment_By_CustomerId" />
    </UnitTest>
  </TestDefinitions>
  <TestLists>
    <TestList name="Results Not in a List" id="8c84fa94-04c1-424b-9868-57a2d4851a1d" />
    <TestList name="All Loaded Results" id="19431567-8539-422a-85d7-44ee4e166bda" />
  </TestLists>
  <TestEntries>
    <TestEntry testId="ee8378c3-f588-d10e-6062-72fd009742a5" executionId="cf885487-2a27-4d83-abde-fe5753c8486a" testListId="8c84fa94-04c1-424b-9868-57a2d4851a1d" />
    <TestEntry testId="120588b3-aac5-0f7f-1793-fa46d8eec692" executionId="b775d176-1244-40e8-9a6d-c996b5f2f7b2" testListId="8c84fa94-04c1-424b-9868-57a2d4851a1d" />
    <TestEntry testId="d59d3e9d-5da3-2091-1e71-1383ced0036f" executionId="91c6468e-2946-447c-8662-60a70a79be90" testListId="8c84fa94-04c1-424b-9868-57a2d4851a1d" />
    <TestEntry testId="cab86edf-4e30-f751-3edc-9ef35c8948a0" executionId="814f8376-0675-4665-9c6e-6fb426fdbf73" testListId="8c84fa94-04c1-424b-9868-57a2d4851a1d" />
  </TestEntries>
  <Results>
    <UnitTestResult executionId="cf885487-2a27-4d83-abde-fe5753c8486a" testId="ee8378c3-f588-d10e-6062-72fd009742a5" testName="Get_All_Available_Slots_Some_Slot_NotAvailable" computerName="SHALEEN-PC" duration="00:00:02.2409864" startTime="2012-02-12T20:31:43.0950604+00:00" endTime="2012-02-12T20:31:45.8642188+00:00" testType="13cdc9d9-ddb5-4fa4-a97d-d965ccfc6d4b" outcome="Failed" testListId="8c84fa94-04c1-424b-9868-57a2d4851a1d" relativeResultsDirectory="cf885487-2a27-4d83-abde-fe5753c8486a">
      <Output>
        <ErrorInfo>
          <Message>Test method WP7.Appointments.Repository.Tests.AppointmentRepositoryTest.Get_All_Available_Slots_Some_Slot_NotAvailable threw exception: 
Should.Core.Exceptions.EqualException: Assert.Equal() Failure
Expected: 16
Actual:   0</Message>
          <StackTrace>    at WP7.Appointments.Repository.Tests.AppointmentRepositoryTest.Get_All_Available_Slots_Some_Slot_NotAvailable() in C:\Users\shaleen\documents\visual studio 2010\Projects\WP7.Appointments.Management\WP7.Appointments.Repository.Tests\AppointmentRepositoryTest.cs:line 59
</StackTrace>
        </ErrorInfo>
      </Output>
    </UnitTestResult>
    <UnitTestResult executionId="b775d176-1244-40e8-9a6d-c996b5f2f7b2" testId="120588b3-aac5-0f7f-1793-fa46d8eec692" testName="Get_All_Available_Slots_Nurse_On_Half_Day" computerName="SHALEEN-PC" duration="00:00:00.0142398" startTime="2012-02-12T20:31:45.8862200+00:00" endTime="2012-02-12T20:31:45.9052211+00:00" testType="13cdc9d9-ddb5-4fa4-a97d-d965ccfc6d4b" outcome="Failed" testListId="8c84fa94-04c1-424b-9868-57a2d4851a1d" relativeResultsDirectory="b775d176-1244-40e8-9a6d-c996b5f2f7b2">
      <Output>
        <ErrorInfo>
          <Message>Test method WP7.Appointments.Repository.Tests.AppointmentRepositoryTest.Get_All_Available_Slots_Nurse_On_Half_Day threw exception: 
Should.Core.Exceptions.EqualException: Assert.Equal() Failure
Expected: 8
Actual:   0</Message>
          <StackTrace>    at WP7.Appointments.Repository.Tests.AppointmentRepositoryTest.Get_All_Available_Slots_Nurse_On_Half_Day() in C:\Users\shaleen\documents\visual studio 2010\Projects\WP7.Appointments.Management\WP7.Appointments.Repository.Tests\AppointmentRepositoryTest.cs:line 50
</StackTrace>
        </ErrorInfo>
      </Output>
    </UnitTestResult>
    <UnitTestResult executionId="91c6468e-2946-447c-8662-60a70a79be90" testId="d59d3e9d-5da3-2091-1e71-1383ced0036f" testName="Book_Appointment" computerName="SHALEEN-PC" duration="00:00:00.1805046" startTime="2012-02-12T20:31:45.9122215+00:00" endTime="2012-02-12T20:31:46.0982322+00:00" testType="13cdc9d9-ddb5-4fa4-a97d-d965ccfc6d4b" outcome="Passed" testListId="8c84fa94-04c1-424b-9868-57a2d4851a1d" relativeResultsDirectory="91c6468e-2946-447c-8662-60a70a79be90">
    </UnitTestResult>
    <UnitTestResult executionId="814f8376-0675-4665-9c6e-6fb426fdbf73" testId="cab86edf-4e30-f751-3edc-9ef35c8948a0" testName="Book_Appointment_By_CustomerId" computerName="SHALEEN-PC" duration="00:00:00.0197831" startTime="2012-02-12T20:31:46.1032325+00:00" endTime="2012-02-12T20:31:46.1272338+00:00" testType="13cdc9d9-ddb5-4fa4-a97d-d965ccfc6d4b" outcome="Failed" testListId="8c84fa94-04c1-424b-9868-57a2d4851a1d" relativeResultsDirectory="814f8376-0675-4665-9c6e-6fb426fdbf73">
      <Output>
        <ErrorInfo>
          <Message>Test method WP7.Appointments.Repository.Tests.AppointmentRepositoryTest.Book_Appointment_By_CustomerId threw exception: 
Should.Core.Exceptions.EqualException: Assert.Equal() Failure
Expected: 9
Actual:   4</Message>
          <StackTrace>    at WP7.Appointments.Repository.Tests.AppointmentRepositoryTest.Book_Appointment_By_CustomerId() in C:\Users\shaleen\documents\visual studio 2010\Projects\WP7.Appointments.Management\WP7.Appointments.Repository.Tests\AppointmentRepositoryTest.cs:line 95
</StackTrace>
        </ErrorInfo>
      </Output>
    </UnitTestResult>
  </Results>
</TestRun>