<?xml version="1.0" encoding="UTF-8"?>
<TestRun id="f82b645e-8973-4bd3-8fe8-64a1db6f55e6" name="shaleen@SHALEEN-PC 2012-02-12 20:31:54" runUser="SHALEEN-PC\shaleen" xmlns="http://microsoft.com/schemas/VisualStudio/TeamTest/2010">
  <TestSettings name="Local" id="54f962c3-871a-4f7e-afe2-052264c349cb">
    <Description>These are default test settings for a local test run.</Description>
    <Deployment userDeploymentRoot="C:\Users\shaleen\documents\visual studio 2010\Projects\WP7.Appointments.Management\TestResults" useDefaultDeploymentRoot="false" runDeploymentRoot="shaleen_SHALEEN-PC 2012-02-12 20_31_54">
      <DeploymentItem filename="C:\Users\shaleen\documents\visual studio 2010\Projects\WP7.Appointments.Management\WP7.Appointments.DataAccess\bin\Debug\WP7.Appointments.DataAccess.dll" />
      <DeploymentItem filename="C:\Users\shaleen\documents\visual studio 2010\Projects\WP7.Appointments.Management\Should.dll" />
      <DeploymentItem filename="C:\inetpub\wwwroot\EntityFramework.dll" />
      <DeploymentItem filename="C:\Users\shaleen\documents\visual studio 2010\Projects\WP7.Appointments.Management\WP7.Appointments.Repository\bin\Debug\WP7.Appointments.Repository.dll" />
    </Deployment>
    <Execution>
      <TestTypeSpecific>
        <UnitTestRunConfig testTypeId="13cdc9d9-ddb5-4fa4-a97d-d965ccfc6d4b">
          <AssemblyResolution>
            <TestDirectory useLoadContext="true" />
          </AssemblyResolution>
        </UnitTestRunConfig>
        <WebTestRunConfiguration testTypeId="4e7599fa-5ecb-43e9-a887-cd63cf72d207">
          <Browser name="Internet Explorer 7.0">
            <Headers>
              <Header name="User-Agent" value="Mozilla/4.0 (compatible; MSIE 7.0; Windows NT 5.1)" />
              <Header name="Accept" value="*/*" />
              <Header name="Accept-Language" value="{{$IEAcceptLanguage}}" />
              <Header name="Accept-Encoding" value="GZIP" />
            </Headers>
          </Browser>
        </WebTestRunConfiguration>
      </TestTypeSpecific>
      <AgentRule name="LocalMachineDefaultRole">
        <DataCollectors>
          <DataCollector uri="datacollector://microsoft/CodeCoverage/1.0" assemblyQualifiedName="Microsoft.VisualStudio.TestTools.CodeCoverage.CoveragePlugIn, Microsoft.VisualStudio.QualityTools.Plugins.CodeCoverage, Version=10.0.0.0, Culture=neutral, PublicKeyToken=b03f5f7f11d50a3a" friendlyName="Code Coverage" enabled="false">
            <Configuration>
              <CodeCoverage xmlns="">
                <Regular>
                  <CodeCoverageItem binaryFile="WP7.Appointments.Repository\bin\Debug\WP7.Appointments.Repository.dll" pdbFile="WP7.Appointments.Repository\bin\Debug\WP7.Appointments.Repository.pdb" instrumentInPlace="true" />
                  <CodeCoverageItem binaryFile="WP7.Appointments.DataAccess\bin\Debug\WP7.Appointments.DataAccess.dll" pdbFile="WP7.Appointments.DataAccess\bin\Debug\WP7.Appointments.DataAccess.pdb" instrumentInPlace="true" />
                </Regular>
              </CodeCoverage>
            </Configuration>
          </DataCollector>
        </DataCollectors>
      </AgentRule>
    </Execution>
  </TestSettings>
  <Times creation="2012-02-12T20:31:54.7627278+00:00" queuing="2012-02-12T20:31:54.9707397+00:00" start="2012-02-12T20:31:55.0707454+00:00" finish="2012-02-12T20:31:57.3668767+00:00" />
  <ResultSummary outcome="Failed">
    <Counters total="3" executed="3" error="0" failed="3" timeout="0" aborted="0" inconclusive="0" passedButRunAborted="0" notRunnable="0" notExecuted="0" disconnected="0" warning="0" passed="0" completed="0" inProgress="0" pending="0" />
  </ResultSummary>
  <TestDefinitions>
    <UnitTest name="Get_All_Available_Slots_Nurse_On_Half_Day" storage="c:\users\shaleen\documents\visual studio 2010\projects\wp7.appointments.management\wp7.appointments.repository.tests\bin\debug\wp7.appointments.repository.tests.dll" id="120588b3-aac5-0f7f-1793-fa46d8eec692">
      <Execution id="1b669b23-4f07-4f2b-bc34-8a2b91d6779d" />
      <TestMethod codeBase="C:/Users/shaleen/documents/visual studio 2010/Projects/WP7.Appointments.Management/WP7.Appointments.Repository.Tests/bin/Debug/WP7.Appointments.Repository.Tests.DLL" adapterTypeName="Microsoft.VisualStudio.TestTools.TestTypes.Unit.UnitTestAdapter, Microsoft.VisualStudio.QualityTools.Tips.UnitTest.Adapter, Version=10.0.0.0, Culture=neutral, PublicKeyToken=b03f5f7f11d50a3a" className="WP7.Appointments.Repository.Tests.AppointmentRepositoryTest, WP7.Appointments.Repository.Tests, Version=1.0.0.0, Culture=neutral, PublicKeyToken=null" name="Get_All_Available_Slots_Nurse_On_Half_Day" />
    </UnitTest>
    <UnitTest name="Get_All_Available_Slots_Some_Slot_NotAvailable" storage="c:\users\shaleen\documents\visual studio 2010\projects\wp7.appointments.management\wp7.appointments.repository.tests\bin\debug\wp7.appointments.repository.tests.dll" id="ee8378c3-f588-d10e-6062-72fd009742a5">
      <Execution id="43b567d9-d1dc-46c5-8ef0-e6e0a0451e50" />
      <TestMethod codeBase="C:/Users/shaleen/documents/visual studio 2010/Projects/WP7.Appointments.Management/WP7.Appointments.Repository.Tests/bin/Debug/WP7.Appointments.Repository.Tests.DLL" adapterTypeName="Microsoft.VisualStudio.TestTools.TestTypes.Unit.UnitTestAdapter, Microsoft.VisualStudio.QualityTools.Tips.UnitTest.Adapter, Version=10.0.0.0, Culture=neutral, PublicKeyToken=b03f5f7f11d50a3a" className="WP7.Appointments.Repository.Tests.AppointmentRepositoryTest, WP7.Appointments.Repository.Tests, Version=1.0.0.0, Culture=neutral, PublicKeyToken=null" name="Get_All_Available_Slots_Some_Slot_NotAvailable" />
    </UnitTest>
    <UnitTest name="Book_Appointment_By_CustomerId" storage="c:\users\shaleen\documents\visual studio 2010\projects\wp7.appointments.management\wp7.appointments.repository.tests\bin\debug\wp7.appointments.repository.tests.dll" id="cab86edf-4e30-f751-3edc-9ef35c8948a0">
      <Execution id="66749ade-e3e9-4db6-a6b8-c5b5c494b55d" />
      <TestMethod codeBase="C:/Users/shaleen/documents/visual studio 2010/Projects/WP7.Appointments.Management/WP7.Appointments.Repository.Tests/bin/Debug/WP7.Appointments.Repository.Tests.DLL" adapterTypeName="Microsoft.VisualStudio.TestTools.TestTypes.Unit.UnitTestAdapter, Microsoft.VisualStudio.QualityTools.Tips.UnitTest.Adapter, Version=10.0.0.0, Culture=neutral, PublicKeyToken=b03f5f7f11d50a3a" className="WP7.Appointments.Repository.Tests.AppointmentRepositoryTest, WP7.Appointments.Repository.Tests, Version=1.0.0.0, Culture=neutral, PublicKeyToken=null" name="Book_Appointment_By_CustomerId" />
    </UnitTest>
  </TestDefinitions>
  <TestLists>
    <TestList name="Results Not in a List" id="8c84fa94-04c1-424b-9868-57a2d4851a1d" />
    <TestList name="All Loaded Results" id="19431567-8539-422a-85d7-44ee4e166bda" />
  </TestLists>
  <TestEntries>
    <TestEntry testId="ee8378c3-f588-d10e-6062-72fd009742a5" executionId="43b567d9-d1dc-46c5-8ef0-e6e0a0451e50" testListId="8c84fa94-04c1-424b-9868-57a2d4851a1d" />
    <TestEntry testId="120588b3-aac5-0f7f-1793-fa46d8eec692" executionId="1b669b23-4f07-4f2b-bc34-8a2b91d6779d" testListId="8c84fa94-04c1-424b-9868-57a2d4851a1d" />
    <TestEntry testId="cab86edf-4e30-f751-3edc-9ef35c8948a0" executionId="66749ade-e3e9-4db6-a6b8-c5b5c494b55d" testListId="8c84fa94-04c1-424b-9868-57a2d4851a1d" />
  </TestEntries>
  <Results>
    <UnitTestResult executionId="43b567d9-d1dc-46c5-8ef0-e6e0a0451e50" testId="ee8378c3-f588-d10e-6062-72fd009742a5" testName="Get_All_Available_Slots_Some_Slot_NotAvailable" computerName="SHALEEN-PC" duration="00:00:01.5735948" startTime="2012-02-12T20:31:55.0707454+00:00" endTime="2012-02-12T20:31:57.0618593+00:00" testType="13cdc9d9-ddb5-4fa4-a97d-d965ccfc6d4b" outcome="Failed" testListId="8c84fa94-04c1-424b-9868-57a2d4851a1d" relativeResultsDirectory="43b567d9-d1dc-46c5-8ef0-e6e0a0451e50">
      <Output>
        <ErrorInfo>
          <Message>Test method WP7.Appointments.Repository.Tests.AppointmentRepositoryTest.Get_All_Available_Slots_Some_Slot_NotAvailable threw exception: 
Should.Core.Exceptions.EqualException: Assert.Equal() Failure
Expected: 16
Actual:   0</Message>
          <StackTrace>    at WP7.Appointments.Repository.Tests.AppointmentRepositoryTest.Get_All_Available_Slots_Some_Slot_NotAvailable() in C:\Users\shaleen\documents\visual studio 2010\Projects\WP7.Appointments.Management\WP7.Appointments.Repository.Tests\AppointmentRepositoryTest.cs:line 59
</StackTrace>
        </ErrorInfo>
      </Output>
    </UnitTestResult>
    <UnitTestResult executionId="1b669b23-4f07-4f2b-bc34-8a2b91d6779d" testId="120588b3-aac5-0f7f-1793-fa46d8eec692" testName="Get_All_Available_Slots_Nurse_On_Half_Day" computerName="SHALEEN-PC" duration="00:00:00.0137465" startTime="2012-02-12T20:31:57.0718598+00:00" endTime="2012-02-12T20:31:57.0898609+00:00" testType="13cdc9d9-ddb5-4fa4-a97d-d965ccfc6d4b" outcome="Failed" testListId="8c84fa94-04c1-424b-9868-57a2d4851a1d" relativeResultsDirectory="1b669b23-4f07-4f2b-bc34-8a2b91d6779d">
      <Output>
        <ErrorInfo>
          <Message>Test method WP7.Appointments.Repository.Tests.AppointmentRepositoryTest.Get_All_Available_Slots_Nurse_On_Half_Day threw exception: 
Should.Core.Exceptions.EqualException: Assert.Equal() Failure
Expected: 8
Actual:   0</Message>
          <StackTrace>    at WP7.Appointments.Repository.Tests.AppointmentRepositoryTest.Get_All_Available_Slots_Nurse_On_Half_Day() in C:\Users\shaleen\documents\visual studio 2010\Projects\WP7.Appointments.Management\WP7.Appointments.Repository.Tests\AppointmentRepositoryTest.cs:line 50
</StackTrace>
        </ErrorInfo>
      </Output>
    </UnitTestResult>
    <UnitTestResult executionId="66749ade-e3e9-4db6-a6b8-c5b5c494b55d" testId="cab86edf-4e30-f751-3edc-9ef35c8948a0" testName="Book_Appointment_By_CustomerId" computerName="SHALEEN-PC" duration="00:00:00.1585978" startTime="2012-02-12T20:31:57.1038617+00:00" endTime="2012-02-12T20:31:57.2658709+00:00" testType="13cdc9d9-ddb5-4fa4-a97d-d965ccfc6d4b" outcome="Failed" testListId="8c84fa94-04c1-424b-9868-57a2d4851a1d" relativeResultsDirectory="66749ade-e3e9-4db6-a6b8-c5b5c494b55d">
      <Output>
        <ErrorInfo>
          <Message>Test method WP7.Appointments.Repository.Tests.AppointmentRepositoryTest.Book_Appointment_By_CustomerId threw exception: 
Should.Core.Exceptions.EqualException: Assert.Equal() Failure
Expected: 9
Actual:   5</Message>
          <StackTrace>    at WP7.Appointments.Repository.Tests.AppointmentRepositoryTest.Book_Appointment_By_CustomerId() in C:\Users\shaleen\documents\visual studio 2010\Projects\WP7.Appointments.Management\WP7.Appointments.Repository.Tests\AppointmentRepositoryTest.cs:line 95
</StackTrace>
        </ErrorInfo>
      </Output>
    </UnitTestResult>
  </Results>
</TestRun>