<?xml version="1.0" encoding="UTF-8"?>
<TestRun id="fb57b3fc-8a9a-42ab-a5aa-699d492e2739" name="shaleen@SHALEEN-PC 2012-02-12 20:36:09" runUser="SHALEEN-PC\shaleen" xmlns="http://microsoft.com/schemas/VisualStudio/TeamTest/2010">
  <TestSettings name="Local" id="54f962c3-871a-4f7e-afe2-052264c349cb">
    <Description>These are default test settings for a local test run.</Description>
    <Deployment userDeploymentRoot="C:\Users\shaleen\documents\visual studio 2010\Projects\WP7.Appointments.Management\TestResults" useDefaultDeploymentRoot="false" runDeploymentRoot="shaleen_SHALEEN-PC 2012-02-12 20_36_09">
      <DeploymentItem filename="C:\Users\shaleen\documents\visual studio 2010\Projects\WP7.Appointments.Management\WP7.Appointments.DataAccess\bin\Debug\WP7.Appointments.DataAccess.dll" />
      <DeploymentItem filename="C:\Users\shaleen\documents\visual studio 2010\Projects\WP7.Appointments.Management\Should.dll" />
      <DeploymentItem filename="C:\inetpub\wwwroot\EntityFramework.dll" />
      <DeploymentItem filename="C:\Users\shaleen\documents\visual studio 2010\Projects\WP7.Appointments.Management\WP7.Appointments.Repository\bin\Debug\WP7.Appointments.Repository.dll" />
    </Deployment>
    <Execution>
      <TestTypeSpecific>
        <UnitTestRunConfig testTypeId="13cdc9d9-ddb5-4fa4-a97d-d965ccfc6d4b">
          <AssemblyResolution>
            <TestDirectory useLoadContext="true" />
          </AssemblyResolution>
        </UnitTestRunConfig>
        <WebTestRunConfiguration testTypeId="4e7599fa-5ecb-43e9-a887-cd63cf72d207">
          <Browser name="Internet Explorer 7.0">
            <Headers>
              <Header name="User-Agent" value="Mozilla/4.0 (compatible; MSIE 7.0; Windows NT 5.1)" />
              <Header name="Accept" value="*/*" />
              <Header name="Accept-Language" value="{{$IEAcceptLanguage}}" />
              <Header name="Accept-Encoding" value="GZIP" />
            </Headers>
          </Browser>
        </WebTestRunConfiguration>
      </TestTypeSpecific>
      <AgentRule name="LocalMachineDefaultRole">
        <DataCollectors>
          <DataCollector uri="datacollector://microsoft/CodeCoverage/1.0" assemblyQualifiedName="Microsoft.VisualStudio.TestTools.CodeCoverage.CoveragePlugIn, Microsoft.VisualStudio.QualityTools.Plugins.CodeCoverage, Version=10.0.0.0, Culture=neutral, PublicKeyToken=b03f5f7f11d50a3a" friendlyName="Code Coverage" enabled="false">
            <Configuration>
              <CodeCoverage xmlns="">
                <Regular>
                  <CodeCoverageItem binaryFile="WP7.Appointments.Repository\bin\Debug\WP7.Appointments.Repository.dll" pdbFile="WP7.Appointments.Repository\bin\Debug\WP7.Appointments.Repository.pdb" instrumentInPlace="true" />
                  <CodeCoverageItem binaryFile="WP7.Appointments.DataAccess\bin\Debug\WP7.Appointments.DataAccess.dll" pdbFile="WP7.Appointments.DataAccess\bin\Debug\WP7.Appointments.DataAccess.pdb" instrumentInPlace="true" />
                </Regular>
              </CodeCoverage>
            </Configuration>
          </DataCollector>
        </DataCollectors>
      </AgentRule>
    </Execution>
  </TestSettings>
  <Times creation="2012-02-12T20:36:09.2122814+00:00" queuing="2012-02-12T20:36:09.4792967+00:00" start="2012-02-12T20:36:09.5082984+00:00" finish="2012-02-12T20:36:11.9584385+00:00" />
  <ResultSummary outcome="Failed">
    <Counters total="3" executed="3" error="0" failed="3" timeout="0" aborted="0" inconclusive="0" passedButRunAborted="0" notRunnable="0" notExecuted="0" disconnected="0" warning="0" passed="0" completed="0" inProgress="0" pending="0" />
  </ResultSummary>
  <TestDefinitions>
    <UnitTest name="Get_All_Available_Slots_Nurse_On_Half_Day" storage="c:\users\shaleen\documents\visual studio 2010\projects\wp7.appointments.management\wp7.appointments.repository.tests\bin\debug\wp7.appointments.repository.tests.dll" id="120588b3-aac5-0f7f-1793-fa46d8eec692">
      <Execution id="e918cbe7-1d88-4e82-820c-02f13a815979" />
      <TestMethod codeBase="C:/Users/shaleen/documents/visual studio 2010/Projects/WP7.Appointments.Management/WP7.Appointments.Repository.Tests/bin/Debug/WP7.Appointments.Repository.Tests.DLL" adapterTypeName="Microsoft.VisualStudio.TestTools.TestTypes.Unit.UnitTestAdapter, Microsoft.VisualStudio.QualityTools.Tips.UnitTest.Adapter, Version=10.0.0.0, Culture=neutral, PublicKeyToken=b03f5f7f11d50a3a" className="WP7.Appointments.Repository.Tests.AppointmentRepositoryTest, WP7.Appointments.Repository.Tests, Version=1.0.0.0, Culture=neutral, PublicKeyToken=null" name="Get_All_Available_Slots_Nurse_On_Half_Day" />
    </UnitTest>
    <UnitTest name="Book_Appointment_By_CustomerId" storage="c:\users\shaleen\documents\visual studio 2010\projects\wp7.appointments.management\wp7.appointments.repository.tests\bin\debug\wp7.appointments.repository.tests.dll" id="cab86edf-4e30-f751-3edc-9ef35c8948a0">
      <Execution id="f6e4a9bd-08c5-49f5-ac73-aeca23924db6" />
      <TestMethod codeBase="C:/Users/shaleen/documents/visual studio 2010/Projects/WP7.Appointments.Management/WP7.Appointments.Repository.Tests/bin/Debug/WP7.Appointments.Repository.Tests.DLL" adapterTypeName="Microsoft.VisualStudio.TestTools.TestTypes.Unit.UnitTestAdapter, Microsoft.VisualStudio.QualityTools.Tips.UnitTest.Adapter, Version=10.0.0.0, Culture=neutral, PublicKeyToken=b03f5f7f11d50a3a" className="WP7.Appointments.Repository.Tests.AppointmentRepositoryTest, WP7.Appointments.Repository.Tests, Version=1.0.0.0, Culture=neutral, PublicKeyToken=null" name="Book_Appointment_By_CustomerId" />
    </UnitTest>
    <UnitTest name="Get_All_Available_Slots_Some_Slot_NotAvailable" storage="c:\users\shaleen\documents\visual studio 2010\projects\wp7.appointments.management\wp7.appointments.repository.tests\bin\debug\wp7.appointments.repository.tests.dll" id="ee8378c3-f588-d10e-6062-72fd009742a5">
      <Execution id="f01c9b94-27fc-46d3-992b-9b6b66f9337d" />
      <TestMethod codeBase="C:/Users/shaleen/documents/visual studio 2010/Projects/WP7.Appointments.Management/WP7.Appointments.Repository.Tests/bin/Debug/WP7.Appointments.Repository.Tests.DLL" adapterTypeName="Microsoft.VisualStudio.TestTools.TestTypes.Unit.UnitTestAdapter, Microsoft.VisualStudio.QualityTools.Tips.UnitTest.Adapter, Version=10.0.0.0, Culture=neutral, PublicKeyToken=b03f5f7f11d50a3a" className="WP7.Appointments.Repository.Tests.AppointmentRepositoryTest, WP7.Appointments.Repository.Tests, Version=1.0.0.0, Culture=neutral, PublicKeyToken=null" name="Get_All_Available_Slots_Some_Slot_NotAvailable" />
    </UnitTest>
  </TestDefinitions>
  <TestLists>
    <TestList name="Results Not in a List" id="8c84fa94-04c1-424b-9868-57a2d4851a1d" />
    <TestList name="All Loaded Results" id="19431567-8539-422a-85d7-44ee4e166bda" />
  </TestLists>
  <TestEntries>
    <TestEntry testId="cab86edf-4e30-f751-3edc-9ef35c8948a0" executionId="f6e4a9bd-08c5-49f5-ac73-aeca23924db6" testListId="8c84fa94-04c1-424b-9868-57a2d4851a1d" />
    <TestEntry testId="ee8378c3-f588-d10e-6062-72fd009742a5" executionId="f01c9b94-27fc-46d3-992b-9b6b66f9337d" testListId="8c84fa94-04c1-424b-9868-57a2d4851a1d" />
    <TestEntry testId="120588b3-aac5-0f7f-1793-fa46d8eec692" executionId="e918cbe7-1d88-4e82-820c-02f13a815979" testListId="8c84fa94-04c1-424b-9868-57a2d4851a1d" />
  </TestEntries>
  <Results>
    <UnitTestResult executionId="f6e4a9bd-08c5-49f5-ac73-aeca23924db6" testId="cab86edf-4e30-f751-3edc-9ef35c8948a0" testName="Book_Appointment_By_CustomerId" computerName="SHALEEN-PC" duration="00:00:01.4541858" startTime="2012-02-12T20:36:09.5112985+00:00" endTime="2012-02-12T20:36:11.5304140+00:00" testType="13cdc9d9-ddb5-4fa4-a97d-d965ccfc6d4b" outcome="Failed" testListId="8c84fa94-04c1-424b-9868-57a2d4851a1d" relativeResultsDirectory="f6e4a9bd-08c5-49f5-ac73-aeca23924db6">
      <Output>
        <ErrorInfo>
          <Message>Test method WP7.Appointments.Repository.Tests.AppointmentRepositoryTest.Book_Appointment_By_CustomerId threw exception: 
Should.Core.Exceptions.EqualException: Assert.Equal() Failure
Expected: 5
Actual:   3</Message>
          <StackTrace>    at WP7.Appointments.Repository.Tests.AppointmentRepositoryTest.Book_Appointment_By_CustomerId() in C:\Users\shaleen\documents\visual studio 2010\Projects\WP7.Appointments.Management\WP7.Appointments.Repository.Tests\AppointmentRepositoryTest.cs:line 96
</StackTrace>
        </ErrorInfo>
      </Output>
    </UnitTestResult>
    <UnitTestResult executionId="f01c9b94-27fc-46d3-992b-9b6b66f9337d" testId="ee8378c3-f588-d10e-6062-72fd009742a5" testName="Get_All_Available_Slots_Some_Slot_NotAvailable" computerName="SHALEEN-PC" duration="00:00:00.2161565" startTime="2012-02-12T20:36:11.5354143+00:00" endTime="2012-02-12T20:36:11.7654275+00:00" testType="13cdc9d9-ddb5-4fa4-a97d-d965ccfc6d4b" outcome="Failed" testListId="8c84fa94-04c1-424b-9868-57a2d4851a1d" relativeResultsDirectory="f01c9b94-27fc-46d3-992b-9b6b66f9337d">
      <Output>
        <ErrorInfo>
          <Message>Test method WP7.Appointments.Repository.Tests.AppointmentRepositoryTest.Get_All_Available_Slots_Some_Slot_NotAvailable threw exception: 
Should.Core.Exceptions.EqualException: Assert.Equal() Failure
Expected: 16
Actual:   0</Message>
          <StackTrace>    at WP7.Appointments.Repository.Tests.AppointmentRepositoryTest.Get_All_Available_Slots_Some_Slot_NotAvailable() in C:\Users\shaleen\documents\visual studio 2010\Projects\WP7.Appointments.Management\WP7.Appointments.Repository.Tests\AppointmentRepositoryTest.cs:line 59
</StackTrace>
        </ErrorInfo>
      </Output>
    </UnitTestResult>
    <UnitTestResult executionId="e918cbe7-1d88-4e82-820c-02f13a815979" testId="120588b3-aac5-0f7f-1793-fa46d8eec692" testName="Get_All_Available_Slots_Nurse_On_Half_Day" computerName="SHALEEN-PC" duration="00:00:00.0177487" startTime="2012-02-12T20:36:11.7864287+00:00" endTime="2012-02-12T20:36:11.8164304+00:00" testType="13cdc9d9-ddb5-4fa4-a97d-d965ccfc6d4b" outcome="Failed" testListId="8c84fa94-04c1-424b-9868-57a2d4851a1d" relativeResultsDirectory="e918cbe7-1d88-4e82-820c-02f13a815979">
      <Output>
        <ErrorInfo>
          <Message>Test method WP7.Appointments.Repository.Tests.AppointmentRepositoryTest.Get_All_Available_Slots_Nurse_On_Half_Day threw exception: 
Should.Core.Exceptions.EqualException: Assert.Equal() Failure
Expected: 8
Actual:   0</Message>
          <StackTrace>    at WP7.Appointments.Repository.Tests.AppointmentRepositoryTest.Get_All_Available_Slots_Nurse_On_Half_Day() in C:\Users\shaleen\documents\visual studio 2010\Projects\WP7.Appointments.Management\WP7.Appointments.Repository.Tests\AppointmentRepositoryTest.cs:line 50
</StackTrace>
        </ErrorInfo>
      </Output>
    </UnitTestResult>
  </Results>
</TestRun>