<?xml version="1.0" encoding="UTF-8"?>
<TestRun id="65bfe9f2-7b1c-4ff6-a22d-5bb2838601ba" name="shaleen@SHALEEN-PC 2012-02-12 20:41:43" runUser="SHALEEN-PC\shaleen" xmlns="http://microsoft.com/schemas/VisualStudio/TeamTest/2010">
  <TestSettings name="Local" id="54f962c3-871a-4f7e-afe2-052264c349cb">
    <Description>These are default test settings for a local test run.</Description>
    <Deployment userDeploymentRoot="C:\Users\shaleen\documents\visual studio 2010\Projects\WP7.Appointments.Management\TestResults" useDefaultDeploymentRoot="false" runDeploymentRoot="shaleen_SHALEEN-PC 2012-02-12 20_41_43">
      <DeploymentItem filename="C:\Users\shaleen\documents\visual studio 2010\Projects\WP7.Appointments.Management\WP7.Appointments.DataAccess\bin\Debug\WP7.Appointments.DataAccess.dll" />
      <DeploymentItem filename="C:\Users\shaleen\documents\visual studio 2010\Projects\WP7.Appointments.Management\Should.dll" />
      <DeploymentItem filename="C:\inetpub\wwwroot\EntityFramework.dll" />
      <DeploymentItem filename="C:\Users\shaleen\documents\visual studio 2010\Projects\WP7.Appointments.Management\WP7.Appointments.Repository\bin\Debug\WP7.Appointments.Repository.dll" />
    </Deployment>
    <Execution>
      <TestTypeSpecific>
        <UnitTestRunConfig testTypeId="13cdc9d9-ddb5-4fa4-a97d-d965ccfc6d4b">
          <AssemblyResolution>
            <TestDirectory useLoadContext="true" />
          </AssemblyResolution>
        </UnitTestRunConfig>
        <WebTestRunConfiguration testTypeId="4e7599fa-5ecb-43e9-a887-cd63cf72d207">
          <Browser name="Internet Explorer 7.0">
            <Headers>
              <Header name="User-Agent" value="Mozilla/4.0 (compatible; MSIE 7.0; Windows NT 5.1)" />
              <Header name="Accept" value="*/*" />
              <Header name="Accept-Language" value="{{$IEAcceptLanguage}}" />
              <Header name="Accept-Encoding" value="GZIP" />
            </Headers>
          </Browser>
        </WebTestRunConfiguration>
      </TestTypeSpecific>
      <AgentRule name="LocalMachineDefaultRole">
        <DataCollectors>
          <DataCollector uri="datacollector://microsoft/CodeCoverage/1.0" assemblyQualifiedName="Microsoft.VisualStudio.TestTools.CodeCoverage.CoveragePlugIn, Microsoft.VisualStudio.QualityTools.Plugins.CodeCoverage, Version=10.0.0.0, Culture=neutral, PublicKeyToken=b03f5f7f11d50a3a" friendlyName="Code Coverage" enabled="false">
            <Configuration>
              <CodeCoverage xmlns="">
                <Regular>
                  <CodeCoverageItem binaryFile="C:\Users\shaleen\documents\visual studio 2010\Projects\WP7.Appointments.Management\WP7.Appointments.Repository\bin\Debug\WP7.Appointments.Repository.dll" pdbFile="C:\Users\shaleen\documents\visual studio 2010\Projects\WP7.Appointments.Management\WP7.Appointments.Repository\bin\Debug\WP7.Appointments.Repository.instr.pdb" instrumentInPlace="true" />
                  <CodeCoverageItem binaryFile="C:\Users\shaleen\documents\visual studio 2010\Projects\WP7.Appointments.Management\WP7.Appointments.DataAccess\bin\Debug\WP7.Appointments.DataAccess.dll" pdbFile="C:\Users\shaleen\documents\visual studio 2010\Projects\WP7.Appointments.Management\WP7.Appointments.DataAccess\bin\Debug\WP7.Appointments.DataAccess.instr.pdb" instrumentInPlace="true" />
                </Regular>
              </CodeCoverage>
            </Configuration>
          </DataCollector>
        </DataCollectors>
      </AgentRule>
    </Execution>
  </TestSettings>
  <Times creation="2012-02-12T20:41:43.7934184+00:00" queuing="2012-02-12T20:41:46.1675542+00:00" start="2012-02-12T20:41:46.4665713+00:00" finish="2012-02-12T20:42:11.4720015+00:00" />
  <ResultSummary outcome="Failed">
    <Counters total="5" executed="5" error="0" failed="5" timeout="0" aborted="0" inconclusive="0" passedButRunAborted="0" notRunnable="0" notExecuted="0" disconnected="0" warning="0" passed="0" completed="0" inProgress="0" pending="0" />
  </ResultSummary>
  <TestDefinitions>
    <UnitTest name="Book_Appointment" storage="c:\users\shaleen\documents\visual studio 2010\projects\wp7.appointments.management\wp7.appointments.repository.tests\bin\debug\wp7.appointments.repository.tests.dll" id="d59d3e9d-5da3-2091-1e71-1383ced0036f">
      <Execution id="1f8528fc-1a6b-4bf8-8fde-344240bec465" />
      <TestMethod codeBase="C:/Users/shaleen/documents/visual studio 2010/Projects/WP7.Appointments.Management/WP7.Appointments.Repository.Tests/bin/Debug/WP7.Appointments.Repository.Tests.DLL" adapterTypeName="Microsoft.VisualStudio.TestTools.TestTypes.Unit.UnitTestAdapter, Microsoft.VisualStudio.QualityTools.Tips.UnitTest.Adapter, Version=10.0.0.0, Culture=neutral, PublicKeyToken=b03f5f7f11d50a3a" className="WP7.Appointments.Repository.Tests.AppointmentRepositoryTest, WP7.Appointments.Repository.Tests, Version=1.0.0.0, Culture=neutral, PublicKeyToken=null" name="Book_Appointment" />
    </UnitTest>
    <UnitTest name="Get_All_Available_Slots_Some_Slot_NotAvailable" storage="c:\users\shaleen\documents\visual studio 2010\projects\wp7.appointments.management\wp7.appointments.repository.tests\bin\debug\wp7.appointments.repository.tests.dll" id="ee8378c3-f588-d10e-6062-72fd009742a5">
      <Execution id="3f92127c-bfbe-452c-94b2-e82169bdfc0a" />
      <TestMethod codeBase="C:/Users/shaleen/documents/visual studio 2010/Projects/WP7.Appointments.Management/WP7.Appointments.Repository.Tests/bin/Debug/WP7.Appointments.Repository.Tests.DLL" adapterTypeName="Microsoft.VisualStudio.TestTools.TestTypes.Unit.UnitTestAdapter, Microsoft.VisualStudio.QualityTools.Tips.UnitTest.Adapter, Version=10.0.0.0, Culture=neutral, PublicKeyToken=b03f5f7f11d50a3a" className="WP7.Appointments.Repository.Tests.AppointmentRepositoryTest, WP7.Appointments.Repository.Tests, Version=1.0.0.0, Culture=neutral, PublicKeyToken=null" name="Get_All_Available_Slots_Some_Slot_NotAvailable" />
    </UnitTest>
    <UnitTest name="Get_All_Available_Slots_Nurse_On_Half_Day" storage="c:\users\shaleen\documents\visual studio 2010\projects\wp7.appointments.management\wp7.appointments.repository.tests\bin\debug\wp7.appointments.repository.tests.dll" id="120588b3-aac5-0f7f-1793-fa46d8eec692">
      <Execution id="4696d3f9-2a59-4aab-b877-329ed97cfa0b" />
      <TestMethod codeBase="C:/Users/shaleen/documents/visual studio 2010/Projects/WP7.Appointments.Management/WP7.Appointments.Repository.Tests/bin/Debug/WP7.Appointments.Repository.Tests.DLL" adapterTypeName="Microsoft.VisualStudio.TestTools.TestTypes.Unit.UnitTestAdapter, Microsoft.VisualStudio.QualityTools.Tips.UnitTest.Adapter, Version=10.0.0.0, Culture=neutral, PublicKeyToken=b03f5f7f11d50a3a" className="WP7.Appointments.Repository.Tests.AppointmentRepositoryTest, WP7.Appointments.Repository.Tests, Version=1.0.0.0, Culture=neutral, PublicKeyToken=null" name="Get_All_Available_Slots_Nurse_On_Half_Day" />
    </UnitTest>
    <UnitTest name="Get_All_Available_Slots" storage="c:\users\shaleen\documents\visual studio 2010\projects\wp7.appointments.management\wp7.appointments.repository.tests\bin\debug\wp7.appointments.repository.tests.dll" id="18aeb4e1-c71d-2b1f-6c3e-11fc53070d65">
      <Execution id="383d81cc-98e5-4175-97f2-427b3f2ede5f" />
      <TestMethod codeBase="C:/Users/shaleen/documents/visual studio 2010/Projects/WP7.Appointments.Management/WP7.Appointments.Repository.Tests/bin/Debug/WP7.Appointments.Repository.Tests.DLL" adapterTypeName="Microsoft.VisualStudio.TestTools.TestTypes.Unit.UnitTestAdapter, Microsoft.VisualStudio.QualityTools.Tips.UnitTest.Adapter, Version=10.0.0.0, Culture=neutral, PublicKeyToken=b03f5f7f11d50a3a" className="WP7.Appointments.Repository.Tests.AppointmentRepositoryTest, WP7.Appointments.Repository.Tests, Version=1.0.0.0, Culture=neutral, PublicKeyToken=null" name="Get_All_Available_Slots" />
    </UnitTest>
    <UnitTest name="Book_Appointment_By_CustomerId" storage="c:\users\shaleen\documents\visual studio 2010\projects\wp7.appointments.management\wp7.appointments.repository.tests\bin\debug\wp7.appointments.repository.tests.dll" id="cab86edf-4e30-f751-3edc-9ef35c8948a0">
      <Execution id="ddb6e4bc-4477-424b-8da3-c3bb954bbedb" />
      <TestMethod codeBase="C:/Users/shaleen/documents/visual studio 2010/Projects/WP7.Appointments.Management/WP7.Appointments.Repository.Tests/bin/Debug/WP7.Appointments.Repository.Tests.DLL" adapterTypeName="Microsoft.VisualStudio.TestTools.TestTypes.Unit.UnitTestAdapter, Microsoft.VisualStudio.QualityTools.Tips.UnitTest.Adapter, Version=10.0.0.0, Culture=neutral, PublicKeyToken=b03f5f7f11d50a3a" className="WP7.Appointments.Repository.Tests.AppointmentRepositoryTest, WP7.Appointments.Repository.Tests, Version=1.0.0.0, Culture=neutral, PublicKeyToken=null" name="Book_Appointment_By_CustomerId" />
    </UnitTest>
  </TestDefinitions>
  <TestLists>
    <TestList name="Results Not in a List" id="8c84fa94-04c1-424b-9868-57a2d4851a1d" />
    <TestList name="All Loaded Results" id="19431567-8539-422a-85d7-44ee4e166bda" />
  </TestLists>
  <TestEntries>
    <TestEntry testId="ee8378c3-f588-d10e-6062-72fd009742a5" executionId="3f92127c-bfbe-452c-94b2-e82169bdfc0a" testListId="8c84fa94-04c1-424b-9868-57a2d4851a1d" />
    <TestEntry testId="d59d3e9d-5da3-2091-1e71-1383ced0036f" executionId="1f8528fc-1a6b-4bf8-8fde-344240bec465" testListId="8c84fa94-04c1-424b-9868-57a2d4851a1d" />
    <TestEntry testId="cab86edf-4e30-f751-3edc-9ef35c8948a0" executionId="ddb6e4bc-4477-424b-8da3-c3bb954bbedb" testListId="8c84fa94-04c1-424b-9868-57a2d4851a1d" />
    <TestEntry testId="120588b3-aac5-0f7f-1793-fa46d8eec692" executionId="4696d3f9-2a59-4aab-b877-329ed97cfa0b" testListId="8c84fa94-04c1-424b-9868-57a2d4851a1d" />
    <TestEntry testId="18aeb4e1-c71d-2b1f-6c3e-11fc53070d65" executionId="383d81cc-98e5-4175-97f2-427b3f2ede5f" testListId="8c84fa94-04c1-424b-9868-57a2d4851a1d" />
  </TestEntries>
  <Results>
    <UnitTestResult executionId="3f92127c-bfbe-452c-94b2-e82169bdfc0a" testId="ee8378c3-f588-d10e-6062-72fd009742a5" testName="Get_All_Available_Slots_Some_Slot_NotAvailable" computerName="SHALEEN-PC" startTime="2012-02-12T20:41:46.6775834+00:00" endTime="2012-02-12T20:42:09.5278903+00:00" testType="13cdc9d9-ddb5-4fa4-a97d-d965ccfc6d4b" outcome="Failed" testListId="8c84fa94-04c1-424b-9868-57a2d4851a1d" relativeResultsDirectory="3f92127c-bfbe-452c-94b2-e82169bdfc0a">
      <Output>
        <ErrorInfo>
          <Message>Class Initialization method WP7.Appointments.Repository.Tests.AppointmentRepositoryTest.Initialize threw exception. System.Data.EntityException: System.Data.EntityException: The underlying provider failed on Open. ---&gt; System.Data.SqlClient.SqlException: Cannot open database "WP7.Appointments.Database" requested by the login. The login failed.
Login failed for user 'SHALEEN-PC\shaleen'..</Message>
          <StackTrace>    at System.Data.ProviderBase.DbConnectionPool.GetConnection(DbConnection owningObject)
   at System.Data.ProviderBase.DbConnectionFactory.GetConnection(DbConnection owningConnection)
   at System.Data.ProviderBase.DbConnectionClosed.OpenConnection(DbConnection outerConnection, DbConnectionFactory connectionFactory)
   at System.Data.SqlClient.SqlConnection.Open()
   at System.Data.EntityClient.EntityConnection.OpenStoreConnectionIf(Boolean openCondition, DbConnection storeConnectionToOpen, DbConnection originalConnection, String exceptionCode, String attemptedOperation, Boolean&amp; closeStoreConnectionOnFailure)
 --- End of inner exception stack trace ---
    at System.Data.EntityClient.EntityConnection.OpenStoreConnectionIf(Boolean openCondition, DbConnection storeConnectionToOpen, DbConnection originalConnection, String exceptionCode, String attemptedOperation, Boolean&amp; closeStoreConnectionOnFailure)
   at System.Data.EntityClient.EntityConnection.Open()
   at System.Data.Objects.ObjectContext.EnsureConnection()
   at System.Data.Objects.ObjectQuery`1.GetResults(Nullable`1 forMergeOption)
   at System.Data.Objects.ObjectQuery`1.System.Collections.Generic.IEnumerable&lt;T&gt;.GetEnumerator()
   at System.Linq.Enumerable.FirstOrDefault[TSource](IEnumerable`1 source)
   at System.Data.Objects.ELinq.ObjectQueryProvider.&lt;GetElementFunction&gt;b__1[TResult](IEnumerable`1 sequence)
   at System.Data.Objects.ELinq.ObjectQueryProvider.ExecuteSingle[TResult](IEnumerable`1 query, Expression queryRoot)
   at System.Data.Objects.ELinq.ObjectQueryProvider.System.Linq.IQueryProvider.Execute[S](Expression expression)
   at System.Data.Entity.Internal.Linq.DbQueryProvider.Execute[TResult](Expression expression)
   at System.Linq.Queryable.FirstOrDefault[TSource](IQueryable`1 source)
   at WP7.Appointments.Repository.Tests.AppointmentRepositoryTest.Initialize(TestContext testContext) in C:\Users\shaleen\documents\visual studio 2010\Projects\WP7.Appointments.Management\WP7.Appointments.Repository.Tests\AppointmentRepositoryTest.cs:line 21
</StackTrace>
        </ErrorInfo>
      </Output>
    </UnitTestResult>
    <UnitTestResult executionId="1f8528fc-1a6b-4bf8-8fde-344240bec465" testId="d59d3e9d-5da3-2091-1e71-1383ced0036f" testName="Book_Appointment" computerName="SHALEEN-PC" startTime="2012-02-12T20:42:09.5498916+00:00" endTime="2012-02-12T20:42:09.5728929+00:00" testType="13cdc9d9-ddb5-4fa4-a97d-d965ccfc6d4b" outcome="Failed" testListId="8c84fa94-04c1-424b-9868-57a2d4851a1d" relativeResultsDirectory="1f8528fc-1a6b-4bf8-8fde-344240bec465">
      <Output>
        <ErrorInfo>
          <Message>Class Initialization method WP7.Appointments.Repository.Tests.AppointmentRepositoryTest.Initialize threw exception. System.Data.EntityException: System.Data.EntityException: The underlying provider failed on Open. ---&gt; System.Data.SqlClient.SqlException: Cannot open database "WP7.Appointments.Database" requested by the login. The login failed.
Login failed for user 'SHALEEN-PC\shaleen'..</Message>
          <StackTrace>    at System.Data.ProviderBase.DbConnectionPool.GetConnection(DbConnection owningObject)
   at System.Data.ProviderBase.DbConnectionFactory.GetConnection(DbConnection owningConnection)
   at System.Data.ProviderBase.DbConnectionClosed.OpenConnection(DbConnection outerConnection, DbConnectionFactory connectionFactory)
   at System.Data.SqlClient.SqlConnection.Open()
   at System.Data.EntityClient.EntityConnection.OpenStoreConnectionIf(Boolean openCondition, DbConnection storeConnectionToOpen, DbConnection originalConnection, String exceptionCode, String attemptedOperation, Boolean&amp; closeStoreConnectionOnFailure)
 --- End of inner exception stack trace ---
    at System.Data.EntityClient.EntityConnection.OpenStoreConnectionIf(Boolean openCondition, DbConnection storeConnectionToOpen, DbConnection originalConnection, String exceptionCode, String attemptedOperation, Boolean&amp; closeStoreConnectionOnFailure)
   at System.Data.EntityClient.EntityConnection.Open()
   at System.Data.Objects.ObjectContext.EnsureConnection()
   at System.Data.Objects.ObjectQuery`1.GetResults(Nullable`1 forMergeOption)
   at System.Data.Objects.ObjectQuery`1.System.Collections.Generic.IEnumerable&lt;T&gt;.GetEnumerator()
   at System.Linq.Enumerable.FirstOrDefault[TSource](IEnumerable`1 source)
   at System.Data.Objects.ELinq.ObjectQueryProvider.&lt;GetElementFunction&gt;b__1[TResult](IEnumerable`1 sequence)
   at System.Data.Objects.ELinq.ObjectQueryProvider.ExecuteSingle[TResult](IEnumerable`1 query, Expression queryRoot)
   at System.Data.Objects.ELinq.ObjectQueryProvider.System.Linq.IQueryProvider.Execute[S](Expression expression)
   at System.Data.Entity.Internal.Linq.DbQueryProvider.Execute[TResult](Expression expression)
   at System.Linq.Queryable.FirstOrDefault[TSource](IQueryable`1 source)
   at WP7.Appointments.Repository.Tests.AppointmentRepositoryTest.Initialize(TestContext testContext) in C:\Users\shaleen\documents\visual studio 2010\Projects\WP7.Appointments.Management\WP7.Appointments.Repository.Tests\AppointmentRepositoryTest.cs:line 21
</StackTrace>
        </ErrorInfo>
      </Output>
    </UnitTestResult>
    <UnitTestResult executionId="ddb6e4bc-4477-424b-8da3-c3bb954bbedb" testId="cab86edf-4e30-f751-3edc-9ef35c8948a0" testName="Book_Appointment_By_CustomerId" computerName="SHALEEN-PC" startTime="2012-02-12T20:42:09.6038947+00:00" endTime="2012-02-12T20:42:09.6228957+00:00" testType="13cdc9d9-ddb5-4fa4-a97d-d965ccfc6d4b" outcome="Failed" testListId="8c84fa94-04c1-424b-9868-57a2d4851a1d" relativeResultsDirectory="ddb6e4bc-4477-424b-8da3-c3bb954bbedb">
      <Output>
        <ErrorInfo>
          <Message>Class Initialization method WP7.Appointments.Repository.Tests.AppointmentRepositoryTest.Initialize threw exception. System.Data.EntityException: System.Data.EntityException: The underlying provider failed on Open. ---&gt; System.Data.SqlClient.SqlException: Cannot open database "WP7.Appointments.Database" requested by the login. The login failed.
Login failed for user 'SHALEEN-PC\shaleen'..</Message>
          <StackTrace>    at System.Data.ProviderBase.DbConnectionPool.GetConnection(DbConnection owningObject)
   at System.Data.ProviderBase.DbConnectionFactory.GetConnection(DbConnection owningConnection)
   at System.Data.ProviderBase.DbConnectionClosed.OpenConnection(DbConnection outerConnection, DbConnectionFactory connectionFactory)
   at System.Data.SqlClient.SqlConnection.Open()
   at System.Data.EntityClient.EntityConnection.OpenStoreConnectionIf(Boolean openCondition, DbConnection storeConnectionToOpen, DbConnection originalConnection, String exceptionCode, String attemptedOperation, Boolean&amp; closeStoreConnectionOnFailure)
 --- End of inner exception stack trace ---
    at System.Data.EntityClient.EntityConnection.OpenStoreConnectionIf(Boolean openCondition, DbConnection storeConnectionToOpen, DbConnection originalConnection, String exceptionCode, String attemptedOperation, Boolean&amp; closeStoreConnectionOnFailure)
   at System.Data.EntityClient.EntityConnection.Open()
   at System.Data.Objects.ObjectContext.EnsureConnection()
   at System.Data.Objects.ObjectQuery`1.GetResults(Nullable`1 forMergeOption)
   at System.Data.Objects.ObjectQuery`1.System.Collections.Generic.IEnumerable&lt;T&gt;.GetEnumerator()
   at System.Linq.Enumerable.FirstOrDefault[TSource](IEnumerable`1 source)
   at System.Data.Objects.ELinq.ObjectQueryProvider.&lt;GetElementFunction&gt;b__1[TResult](IEnumerable`1 sequence)
   at System.Data.Objects.ELinq.ObjectQueryProvider.ExecuteSingle[TResult](IEnumerable`1 query, Expression queryRoot)
   at System.Data.Objects.ELinq.ObjectQueryProvider.System.Linq.IQueryProvider.Execute[S](Expression expression)
   at System.Data.Entity.Internal.Linq.DbQueryProvider.Execute[TResult](Expression expression)
   at System.Linq.Queryable.FirstOrDefault[TSource](IQueryable`1 source)
   at WP7.Appointments.Repository.Tests.AppointmentRepositoryTest.Initialize(TestContext testContext) in C:\Users\shaleen\documents\visual studio 2010\Projects\WP7.Appointments.Management\WP7.Appointments.Repository.Tests\AppointmentRepositoryTest.cs:line 21
</StackTrace>
        </ErrorInfo>
      </Output>
    </UnitTestResult>
    <UnitTestResult executionId="4696d3f9-2a59-4aab-b877-329ed97cfa0b" testId="120588b3-aac5-0f7f-1793-fa46d8eec692" testName="Get_All_Available_Slots_Nurse_On_Half_Day" computerName="SHALEEN-PC" startTime="2012-02-12T20:42:09.6438969+00:00" endTime="2012-02-12T20:42:09.6618980+00:00" testType="13cdc9d9-ddb5-4fa4-a97d-d965ccfc6d4b" outcome="Failed" testListId="8c84fa94-04c1-424b-9868-57a2d4851a1d" relativeResultsDirectory="4696d3f9-2a59-4aab-b877-329ed97cfa0b">
      <Output>
        <ErrorInfo>
          <Message>Class Initialization method WP7.Appointments.Repository.Tests.AppointmentRepositoryTest.Initialize threw exception. System.Data.EntityException: System.Data.EntityException: The underlying provider failed on Open. ---&gt; System.Data.SqlClient.SqlException: Cannot open database "WP7.Appointments.Database" requested by the login. The login failed.
Login failed for user 'SHALEEN-PC\shaleen'..</Message>
          <StackTrace>    at System.Data.ProviderBase.DbConnectionPool.GetConnection(DbConnection owningObject)
   at System.Data.ProviderBase.DbConnectionFactory.GetConnection(DbConnection owningConnection)
   at System.Data.ProviderBase.DbConnectionClosed.OpenConnection(DbConnection outerConnection, DbConnectionFactory connectionFactory)
   at System.Data.SqlClient.SqlConnection.Open()
   at System.Data.EntityClient.EntityConnection.OpenStoreConnectionIf(Boolean openCondition, DbConnection storeConnectionToOpen, DbConnection originalConnection, String exceptionCode, String attemptedOperation, Boolean&amp; closeStoreConnectionOnFailure)
 --- End of inner exception stack trace ---
    at System.Data.EntityClient.EntityConnection.OpenStoreConnectionIf(Boolean openCondition, DbConnection storeConnectionToOpen, DbConnection originalConnection, String exceptionCode, String attemptedOperation, Boolean&amp; closeStoreConnectionOnFailure)
   at System.Data.EntityClient.EntityConnection.Open()
   at System.Data.Objects.ObjectContext.EnsureConnection()
   at System.Data.Objects.ObjectQuery`1.GetResults(Nullable`1 forMergeOption)
   at System.Data.Objects.ObjectQuery`1.System.Collections.Generic.IEnumerable&lt;T&gt;.GetEnumerator()
   at System.Linq.Enumerable.FirstOrDefault[TSource](IEnumerable`1 source)
   at System.Data.Objects.ELinq.ObjectQueryProvider.&lt;GetElementFunction&gt;b__1[TResult](IEnumerable`1 sequence)
   at System.Data.Objects.ELinq.ObjectQueryProvider.ExecuteSingle[TResult](IEnumerable`1 query, Expression queryRoot)
   at System.Data.Objects.ELinq.ObjectQueryProvider.System.Linq.IQueryProvider.Execute[S](Expression expression)
   at System.Data.Entity.Internal.Linq.DbQueryProvider.Execute[TResult](Expression expression)
   at System.Linq.Queryable.FirstOrDefault[TSource](IQueryable`1 source)
   at WP7.Appointments.Repository.Tests.AppointmentRepositoryTest.Initialize(TestContext testContext) in C:\Users\shaleen\documents\visual studio 2010\Projects\WP7.Appointments.Management\WP7.Appointments.Repository.Tests\AppointmentRepositoryTest.cs:line 21
</StackTrace>
        </ErrorInfo>
      </Output>
    </UnitTestResult>
    <UnitTestResult executionId="383d81cc-98e5-4175-97f2-427b3f2ede5f" testId="18aeb4e1-c71d-2b1f-6c3e-11fc53070d65" testName="Get_All_Available_Slots" computerName="SHALEEN-PC" startTime="2012-02-12T20:42:09.6788990+00:00" endTime="2012-02-12T20:42:09.7049004+00:00" testType="13cdc9d9-ddb5-4fa4-a97d-d965ccfc6d4b" outcome="Failed" testListId="8c84fa94-04c1-424b-9868-57a2d4851a1d" relativeResultsDirectory="383d81cc-98e5-4175-97f2-427b3f2ede5f">
      <Output>
        <ErrorInfo>
          <Message>Class Initialization method WP7.Appointments.Repository.Tests.AppointmentRepositoryTest.Initialize threw exception. System.Data.EntityException: System.Data.EntityException: The underlying provider failed on Open. ---&gt; System.Data.SqlClient.SqlException: Cannot open database "WP7.Appointments.Database" requested by the login. The login failed.
Login failed for user 'SHALEEN-PC\shaleen'..</Message>
          <StackTrace>    at System.Data.ProviderBase.DbConnectionPool.GetConnection(DbConnection owningObject)
   at System.Data.ProviderBase.DbConnectionFactory.GetConnection(DbConnection owningConnection)
   at System.Data.ProviderBase.DbConnectionClosed.OpenConnection(DbConnection outerConnection, DbConnectionFactory connectionFactory)
   at System.Data.SqlClient.SqlConnection.Open()
   at System.Data.EntityClient.EntityConnection.OpenStoreConnectionIf(Boolean openCondition, DbConnection storeConnectionToOpen, DbConnection originalConnection, String exceptionCode, String attemptedOperation, Boolean&amp; closeStoreConnectionOnFailure)
 --- End of inner exception stack trace ---
    at System.Data.EntityClient.EntityConnection.OpenStoreConnectionIf(Boolean openCondition, DbConnection storeConnectionToOpen, DbConnection originalConnection, String exceptionCode, String attemptedOperation, Boolean&amp; closeStoreConnectionOnFailure)
   at System.Data.EntityClient.EntityConnection.Open()
   at System.Data.Objects.ObjectContext.EnsureConnection()
   at System.Data.Objects.ObjectQuery`1.GetResults(Nullable`1 forMergeOption)
   at System.Data.Objects.ObjectQuery`1.System.Collections.Generic.IEnumerable&lt;T&gt;.GetEnumerator()
   at System.Linq.Enumerable.FirstOrDefault[TSource](IEnumerable`1 source)
   at System.Data.Objects.ELinq.ObjectQueryProvider.&lt;GetElementFunction&gt;b__1[TResult](IEnumerable`1 sequence)
   at System.Data.Objects.ELinq.ObjectQueryProvider.ExecuteSingle[TResult](IEnumerable`1 query, Expression queryRoot)
   at System.Data.Objects.ELinq.ObjectQueryProvider.System.Linq.IQueryProvider.Execute[S](Expression expression)
   at System.Data.Entity.Internal.Linq.DbQueryProvider.Execute[TResult](Expression expression)
   at System.Linq.Queryable.FirstOrDefault[TSource](IQueryable`1 source)
   at WP7.Appointments.Repository.Tests.AppointmentRepositoryTest.Initialize(TestContext testContext) in C:\Users\shaleen\documents\visual studio 2010\Projects\WP7.Appointments.Management\WP7.Appointments.Repository.Tests\AppointmentRepositoryTest.cs:line 21
</StackTrace>
        </ErrorInfo>
      </Output>
    </UnitTestResult>
  </Results>
</TestRun>